<?xml version="1.0" encoding="utf-8"?><testsuites><testsuite name="pytest" errors="0" failures="0" skipped="0" tests="5" time="0.051" timestamp="2023-05-04T10:51:17.484836" hostname="winBox"><testcase classname="pyfolder.tests.test_bytebank.TestClass" name="test_when_age_receives_13_03_2000_should_return_23" time="0.002" /><testcase classname="pyfolder.tests.test_bytebank.TestClass" name="test_when_lastname__receives_Lucas_Carvalho_should_return_Carvalho" time="0.000" /><testcase classname="pyfolder.tests.test_bytebank.TestClass" name="test_when_salary_reduction_receives_1000000_should_return_90000" time="0.000" /><testcase classname="pyfolder.tests.test_bytebank" name="test_when_calculate_bonus_receives_1000_should_return_100" time="0.000" /><testcase classname="pyfolder.tests.test_bytebank" name="test_quando_calcular_bonus_recebe_100000000_deve_retornar_exception" time="0.001" /></testsuite></testsuites>